<?xml version="1.0" encoding="UTF-8"?>
<!-- Generated by org.testng.reporters.JUnitReportReporter -->
<testsuite skipped="0" hostname="DESKTOP-LHE3BOF" name="com.SmokeTestSuiteCLass.IsCarLoanElementPresent" tests="1" failures="0" timestamp="2020-07-03T16:19:56 IST" time="8.049" errors="0">
  <testcase name="isCarLoanElementPresent" time="8.049" classname="com.SmokeTestSuiteCLass.IsCarLoanElementPresent"/>
</testsuite> <!-- com.SmokeTestSuiteCLass.IsCarLoanElementPresent -->
