<?xml version="1.0" encoding="UTF-8"?>
<!-- Generated by org.testng.reporters.JUnitReportReporter -->
<testsuite skipped="0" hostname="DESKTOP-LHE3BOF" name="com.SmokeTestSuiteCLass.IsShareButtonWorking" tests="1" failures="0" timestamp="28 Jun 2020 16:52:06 GMT" time="12.361" errors="0">
  <testcase name="isShareButtonWorking" time="12.361" classname="com.SmokeTestSuiteCLass.IsShareButtonWorking"/>
</testsuite> <!-- com.SmokeTestSuiteCLass.IsShareButtonWorking -->
