<?xml version="1.0" encoding="UTF-8"?>
<!-- Generated by org.testng.reporters.JUnitReportReporter -->
<testsuite skipped="0" hostname="DESKTOP-LHE3BOF" name="com.SmokeTestSuiteCLass.IsShareButtonWorking" tests="1" failures="0" timestamp="2020-07-03T16:10:21 IST" time="13.607" errors="0">
  <testcase name="isShareButtonWorking" time="13.607" classname="com.SmokeTestSuiteCLass.IsShareButtonWorking"/>
</testsuite> <!-- com.SmokeTestSuiteCLass.IsShareButtonWorking -->
