<?xml version="1.0" encoding="UTF-8"?>
<!-- Generated by org.testng.reporters.JUnitReportReporter -->
<testsuite skipped="0" hostname="DESKTOP-LHE3BOF" name="com.testClasses.EMICalculatorBaseTest" tests="1" failures="0" timestamp="28 Jun 2020 16:52:06 GMT" time="14.417" errors="0">
  <testcase name="emicalculator" time="14.417" classname="com.testClasses.EMICalculatorBaseTest"/>
</testsuite> <!-- com.testClasses.EMICalculatorBaseTest -->
