<?xml version="1.0" encoding="UTF-8"?>
<!-- Generated by org.testng.reporters.JUnitReportReporter -->
<testsuite skipped="0" hostname="DESKTOP-LHE3BOF" name="com.SmokeTestSuiteCLass.VerifyMonthButton" tests="1" failures="0" timestamp="21 Jun 2020 09:02:20 GMT" time="14.389" errors="0">
  <testcase name="verifyMonthButton" time="14.389" classname="com.SmokeTestSuiteCLass.VerifyMonthButton"/>
</testsuite> <!-- com.SmokeTestSuiteCLass.VerifyMonthButton -->
