<?xml version="1.0" encoding="UTF-8"?>
<!-- Generated by org.testng.reporters.JUnitReportReporter -->
<testsuite skipped="0" hostname="DESKTOP-LHE3BOF" name="com.SmokeTestSuiteCLass.IsCarLoanElementPresent" tests="1" failures="0" timestamp="28 Jun 2020 16:52:06 GMT" time="6.865" errors="0">
  <testcase name="isCarLoanElementPresent" time="6.865" classname="com.SmokeTestSuiteCLass.IsCarLoanElementPresent"/>
</testsuite> <!-- com.SmokeTestSuiteCLass.IsCarLoanElementPresent -->
