<?xml version="1.0" encoding="UTF-8"?>
<!-- Generated by org.testng.reporters.JUnitReportReporter -->
<testsuite skipped="0" hostname="DESKTOP-LHE3BOF" name="com.testClasses.EMICalculatorBaseTest" tests="1" failures="0" timestamp="2020-07-04T23:21:12 IST" time="13.526" errors="0">
  <testcase name="emicalculator" time="13.526" classname="com.testClasses.EMICalculatorBaseTest"/>
</testsuite> <!-- com.testClasses.EMICalculatorBaseTest -->
