<?xml version="1.0" encoding="UTF-8"?>
<!-- Generated by org.testng.reporters.JUnitReportReporter -->
<testsuite skipped="0" hostname="DESKTOP-LHE3BOF" name="com.SmokeTestSuiteCLass.IsShareButtonWorking" tests="1" failures="0" timestamp="2020-07-04T23:21:12 IST" time="12.550" errors="0">
  <testcase name="isShareButtonWorking" time="12.550" classname="com.SmokeTestSuiteCLass.IsShareButtonWorking"/>
</testsuite> <!-- com.SmokeTestSuiteCLass.IsShareButtonWorking -->
