<?xml version="1.0" encoding="UTF-8"?>
<!-- Generated by org.testng.reporters.JUnitReportReporter -->
<testsuite skipped="0" hostname="DESKTOP-LHE3BOF" name="com.SmokeTestSuiteCLass.VerifyPageTitle" tests="1" failures="0" timestamp="21 Jun 2020 09:17:54 GMT" time="6.387" errors="0">
  <testcase name="verifyPageTitle" time="6.387" classname="com.SmokeTestSuiteCLass.VerifyPageTitle"/>
</testsuite> <!-- com.SmokeTestSuiteCLass.VerifyPageTitle -->
