<?xml version="1.0" encoding="UTF-8"?>
<!-- Generated by org.testng.reporters.JUnitReportReporter -->
<testsuite skipped="0" hostname="DESKTOP-LHE3BOF" name="com.SmokeTestSuiteCLass.TotalPaymentAmountVerify" tests="1" failures="0" timestamp="28 Jun 2020 16:52:06 GMT" time="12.093" errors="0">
  <testcase name="isTotalPaymentAmountVerify" time="12.093" classname="com.SmokeTestSuiteCLass.TotalPaymentAmountVerify"/>
</testsuite> <!-- com.SmokeTestSuiteCLass.TotalPaymentAmountVerify -->
