<?xml version="1.0" encoding="UTF-8"?>
<!-- Generated by org.testng.reporters.JUnitReportReporter -->
<testsuite skipped="0" hostname="DESKTOP-LHE3BOF" name="com.SmokeTestSuiteCLass.TotalPaymentAmountVerify" tests="1" failures="0" timestamp="2020-07-03T16:00:47 IST" time="13.183" errors="0">
  <testcase name="isTotalPaymentAmountVerify" time="13.183" classname="com.SmokeTestSuiteCLass.TotalPaymentAmountVerify"/>
</testsuite> <!-- com.SmokeTestSuiteCLass.TotalPaymentAmountVerify -->
