<?xml version="1.0" encoding="UTF-8"?>
<!-- Generated by org.testng.reporters.JUnitReportReporter -->
<testsuite skipped="0" hostname="DESKTOP-LHE3BOF" name="com.SmokeTestSuiteCLass.InvalidValueBehaviour" tests="1" failures="0" timestamp="2020-07-03T14:55:42 IST" time="15.200" errors="0">
  <testcase name="verifyDataCredibility" time="15.200" classname="com.SmokeTestSuiteCLass.InvalidValueBehaviour"/>
</testsuite> <!-- com.SmokeTestSuiteCLass.InvalidValueBehaviour -->
