<?xml version="1.0" encoding="UTF-8"?>
<!-- Generated by org.testng.reporters.JUnitReportReporter -->
<testsuite skipped="0" hostname="DESKTOP-LHE3BOF" name="com.SmokeTestSuiteCLass.IsShareButtonWorking" tests="1" failures="0" timestamp="21 Jun 2020 09:17:54 GMT" time="12.521" errors="0">
  <testcase name="isShareButtonWorking" time="12.521" classname="com.SmokeTestSuiteCLass.IsShareButtonWorking"/>
</testsuite> <!-- com.SmokeTestSuiteCLass.IsShareButtonWorking -->
