<?xml version="1.0" encoding="UTF-8"?>
<!-- Generated by org.testng.reporters.JUnitReportReporter -->
<testsuite skipped="0" hostname="DESKTOP-LHE3BOF" name="com.SmokeTestSuiteCLass.InvalidValueBehaviour" tests="1" failures="0" timestamp="28 Jun 2020 16:52:06 GMT" time="12.207" errors="0">
  <testcase name="verifyDataCredibility" time="12.207" classname="com.SmokeTestSuiteCLass.InvalidValueBehaviour"/>
</testsuite> <!-- com.SmokeTestSuiteCLass.InvalidValueBehaviour -->
