<?xml version="1.0" encoding="UTF-8"?>
<!-- Generated by org.testng.reporters.JUnitReportReporter -->
<testsuite skipped="0" hostname="DESKTOP-LHE3BOF" name="com.SmokeTestSuiteCLass.VerifyPageTitle" tests="1" failures="0" timestamp="2020-07-03T16:00:23 IST" time="11.594" errors="0">
  <testcase name="verifyPageTitle" time="11.594" classname="com.SmokeTestSuiteCLass.VerifyPageTitle"/>
</testsuite> <!-- com.SmokeTestSuiteCLass.VerifyPageTitle -->
