<?xml version="1.0" encoding="UTF-8"?>
<!-- Generated by org.testng.reporters.JUnitReportReporter -->
<testsuite skipped="0" hostname="DESKTOP-LHE3BOF" name="com.testClasses.EMICalculatorSmokeTests" tests="6" failures="0" timestamp="19 Jun 2020 14:02:21 GMT" time="74.511" errors="0">
  <testcase name="verifyPageTitle" time="11.227" classname="com.testClasses.EMICalculatorSmokeTests"/>
  <testcase name="isShareButtonWorking" time="12.402" classname="com.testClasses.EMICalculatorSmokeTests"/>
  <testcase name="verifyMonthButton" time="14.452" classname="com.testClasses.EMICalculatorSmokeTests"/>
  <testcase name="isTotalPaymentAmountVerify" time="12.415" classname="com.testClasses.EMICalculatorSmokeTests"/>
  <testcase name="isCarLoanElementPresent" time="11.447" classname="com.testClasses.EMICalculatorSmokeTests"/>
  <testcase name="verifyDataCredibility" time="12.568" classname="com.testClasses.EMICalculatorSmokeTests"/>
</testsuite> <!-- com.testClasses.EMICalculatorSmokeTests -->
