<?xml version="1.0" encoding="UTF-8"?>
<!-- Generated by org.testng.reporters.JUnitReportReporter -->
<testsuite skipped="0" hostname="DESKTOP-LHE3BOF" name="com.SmokeTestSuiteCLass.InvalidValueBehaviour" tests="1" failures="0" timestamp="21 Jun 2020 09:17:54 GMT" time="7.929" errors="0">
  <testcase name="verifyDataCredibility" time="7.929" classname="com.SmokeTestSuiteCLass.InvalidValueBehaviour"/>
</testsuite> <!-- com.SmokeTestSuiteCLass.InvalidValueBehaviour -->
