<?xml version="1.0" encoding="UTF-8"?>
<!-- Generated by org.testng.reporters.JUnitReportReporter -->
<testsuite skipped="0" hostname="DESKTOP-LHE3BOF" name="com.SmokeTestSuiteCLass.VerifyPageTitle" tests="1" failures="0" timestamp="2020-07-04T23:21:12 IST" time="6.793" errors="0">
  <testcase name="verifyPageTitle" time="6.793" classname="com.SmokeTestSuiteCLass.VerifyPageTitle"/>
</testsuite> <!-- com.SmokeTestSuiteCLass.VerifyPageTitle -->
